

Microchip MPLAB XC8 Assembler V2.32 build 20210201212658 
                                                                                                           Thu Oct 28 21:20:55 2021


     1                           	processor	18F4520
     2                           	pagewidth 132
     3                           	opt	flic
     4                           	psect	udata_acs,global,class=COMRAM,space=1,delta=1,lowdata,noexec
     5                           	psect	udata_bank0,global,class=BANK0,space=1,delta=1,lowdata,noexec
     6                           	psect	udata_bank1,global,class=BANK1,space=1,delta=1,lowdata,noexec
     7                           	psect	udata_bank2,global,class=BANK2,space=1,delta=1,lowdata,noexec
     8                           	psect	udata_bank3,global,class=BANK3,space=1,delta=1,lowdata,noexec
     9                           	psect	udata_bank4,global,class=BANK4,space=1,delta=1,lowdata,noexec
    10                           	psect	udata_bank5,global,class=BANK5,space=1,delta=1,lowdata,noexec
    11                           	psect	udata,global,class=RAM,space=1,delta=1,noexec
    12                           	psect	code,global,reloc=2,class=CODE,delta=1
    13                           	psect	data,global,reloc=2,class=CONST,delta=1,noexec
    14                           	psect	edata,global,class=EEDATA,space=3,delta=2,noexec
    15                           	psect	mytext,local,reloc=2,class=CODE,delta=1
    16  0000                     
    17                           	psect	edata
    18  0000                     stk_offset	set	0
    19  0000                     auto_size	set	0
    20                           
    21                           ; stack_auto defines a symbol /name/_offset which equates to the
    22                           ; stack offset of the auto object in question
    23  000000                     
    24                           ; stack_param defines a symbol /name/_offset which equates to the
    25                           ; stack offset of the parameter object in question
    26  000000                     
    27                           ; alloc_stack adjusts the SP to allocate space for auto objects
    28                           ; it also links in to the btemp symbol so that can be used
    29  000000                     
    30                           ; restore_stack adjusts the SP to remove all auto and parameter
    31                           ; objects from the stack prior to returning from a function
    32  000000                     
    33                           	psect	mytext
    34  007EE2                     _mysqrt:
    35                           	callstack 0
    36  007EE2  6AE8               	clrf	wreg,c
    37  007EE4  6A92               	clrf	3986,c
    38  007EE6  6A93               	clrf	3987,c
    39  007EE8  6A94               	clrf	3988,c
    40  007EEA  C001 FF92          	movff	1,3986
    41  007EEE  C002 FF93          	movff	2,3987	; original data = TRISB:TRISA
    42  007EF2  6292               	cpfseq	3986,c	; skip if f = w
    43  007EF4  D003               	goto	LOOP
    44                           
    45                           ;goto FINISH0 ; TRISA = 0
    46  007EF6  6293               	cpfseq	3987,c
    47  007EF8  D001               	goto	LOOP
    48  007EFA  D013               	goto	FINISH0
    49  007EFC                     LOOP:
    50  007EFC  2A94               	incf	3988,f,c
    51  007EFE  CF94 FFE8          	movff	3988,wreg
    52  007F02  0294               	mulwf	3988,c
    53  007F04  6AE8               	clrf	wreg,c
    54  007F06  6493               	cpfsgt	3987,c	; TRISB>0?
    55  007F08  D007               	goto	COMPARE_LOW
    56  007F0A  CFF4 FFE8          	movff	prodh,wreg
    57  007F0E  6493               	cpfsgt	3987,c	; skip if f > w
    58  007F10  D001               	goto	COMPARE_HIGH_EQU
    59  007F12  D7F4               	goto	LOOP
    60  007F14                     COMPARE_HIGH_EQU:
    61  007F14  6293               	cpfseq	3987,c
    62  007F16  D004               	goto	FINISH
    63  007F18                     COMPARE_LOW:
    64  007F18  CFF3 FFE8          	movff	prodl,wreg
    65  007F1C  6092               	cpfslt	3986,c	;skip if f < w
    66  007F1E  D7EE               	goto	LOOP
    67  007F20                     FINISH:
    68  007F20  0694               	decf	3988,f,c
    69  007F22                     FINISH0:
    70  007F22  CF94 FFE8          	movff	3988,wreg
    71  007F26  0012               	return	
    72                           tosu	equ	0xFFF
    73                           tosh	equ	0xFFE
    74                           tosl	equ	0xFFD
    75                           stkptr	equ	0xFFC
    76                           pclatu	equ	0xFFB
    77                           pclath	equ	0xFFA
    78                           pcl	equ	0xFF9
    79                           tblptru	equ	0xFF8
    80                           tblptrh	equ	0xFF7
    81                           tblptrl	equ	0xFF6
    82                           tablat	equ	0xFF5
    83                           prodh	equ	0xFF4
    84                           prodl	equ	0xFF3
    85                           indf0	equ	0xFEF
    86                           postinc0	equ	0xFEE
    87                           postdec0	equ	0xFED
    88                           preinc0	equ	0xFEC
    89                           plusw0	equ	0xFEB
    90                           fsr0h	equ	0xFEA
    91                           fsr0l	equ	0xFE9
    92                           wreg	equ	0xFE8
    93                           indf1	equ	0xFE7
    94                           postinc1	equ	0xFE6
    95                           postdec1	equ	0xFE5
    96                           preinc1	equ	0xFE4
    97                           plusw1	equ	0xFE3
    98                           fsr1h	equ	0xFE2
    99                           fsr1l	equ	0xFE1
   100                           bsr	equ	0xFE0
   101                           indf2	equ	0xFDF
   102                           postinc2	equ	0xFDE
   103                           postdec2	equ	0xFDD
   104                           preinc2	equ	0xFDC
   105                           plusw2	equ	0xFDB
   106                           fsr2h	equ	0xFDA
   107                           fsr2l	equ	0xFD9
   108                           status	equ	0xFD8


Microchip Technology PIC18 Macro Assembler V2.32 build 20210201212658 
Symbol Table                                                                                               Thu Oct 28 21:20:55 2021

                        LOOP 7EFC                          WREG 000FE8                         PRODH 000FF4  
                       PRODL 000FF3                         TRISA 000F92                         TRISB 000F93  
                       TRISC 000F94                        FINISH 7F20                       FINISH0 7F22  
                     isa$std 000001                       _mysqrt 7EE2              COMPARE_HIGH_EQU 7F14  
                 COMPARE_LOW 7F18                     isa$xinst 000000  
